<html>
<head>
<title>TestNG:  Test</title>
<link href="../testng.css" rel="stylesheet" type="text/css" />
<link href="../my-testng.css" rel="stylesheet" type="text/css" />

<style type="text/css">
.log { display: none;} 
.stack-trace { display: none;} 
</style>
<script type="text/javascript">
<!--
function flip(e) {
  current = e.style.display;
  if (current == 'block') {
    e.style.display = 'none';
    return 0;
  }
  else {
    e.style.display = 'block';
    return 1;
  }
}

function toggleBox(szDivId, elem, msg1, msg2)
{
  var res = -1;  if (document.getElementById) {
    res = flip(document.getElementById(szDivId));
  }
  else if (document.all) {
    // this is the way old msie versions work
    res = flip(document.all[szDivId]);
  }
  if(elem) {
    if(res == 0) elem.innerHTML = msg1; else elem.innerHTML = msg2;
  }

}

function toggleAllBoxes() {
  if (document.getElementsByTagName) {
    d = document.getElementsByTagName('div');
    for (i = 0; i < d.length; i++) {
      if (d[i].className == 'log') {
        flip(d[i]);
      }
    }
  }
}

// -->
</script>

</head>
<body>
<h2 align='center'>Test</h2><table border='1' align="center">
<tr>
<td>Tests passed/Failed/Skipped:</td><td>26/3/0</td>
</tr><tr>
<td>Started on:</td><td>Thu Sep 19 18:38:29 IST 2019</td>
</tr>
<tr><td>Total time:</td><td>52 seconds (52707 ms)</td>
</tr><tr>
<td>Included groups:</td><td></td>
</tr><tr>
<td>Excluded groups:</td><td></td>
</tr>
</table><p/>
<small><i>(Hover the method name to see the test class name)</i></small><p/>
<table width='100%' border='1' class='invocation-failed'>
<tr><td colspan='4' align='center'><b>FAILED TESTS</b></td></tr>
<tr><td><b>Test method</b></td>
<td width="30%"><b>Exception</b></td>
<td width="10%"><b>Time (seconds)</b></td>
<td><b>Instance</b></td>
</tr>
<tr>
<td title='Test.TestAppsnGames.DeveloperPromotionsConsole()'><b>DeveloperPromotionsConsole</b><br>Test class: Test.TestAppsnGames</td>
<td><div><pre>java.lang.AssertionError: expected [https://developer.integ.amazon.com/docs/reports-promo/promo-overview.html] but found [https://developer.integ.amazon.com/docs/reports-promo/promo-overview.html ]
	at Test.TestAppsnGames.DeveloperPromotionsConsole(TestAppsnGames.java:289)
	at java.util.concurrent.FutureTask.run(Unknown Source)
	at java.util.concurrent.ThreadPoolExecutor.runWorker(Unknown Source)
	at java.util.concurrent.ThreadPoolExecutor$Worker.run(Unknown Source)
	at java.lang.Thread.run(Unknown Source)
... Removed 22 stack frames</pre></div><a href='#' onClick='toggleBox("stack-trace924435471", this, "Click to show all stack frames", "Click to hide stack frames")'>Click to show all stack frames</a>
<div class='stack-trace' id='stack-trace924435471'><pre>java.lang.AssertionError: expected [https://developer.integ.amazon.com/docs/reports-promo/promo-overview.html] but found [https://developer.integ.amazon.com/docs/reports-promo/promo-overview.html ]
	at org.testng.Assert.fail(Assert.java:93)
	at org.testng.Assert.failNotEquals(Assert.java:512)
	at org.testng.Assert.assertEqualsImpl(Assert.java:134)
	at org.testng.Assert.assertEquals(Assert.java:115)
	at org.testng.Assert.assertEquals(Assert.java:189)
	at org.testng.Assert.assertEquals(Assert.java:199)
	at Test.TestAppsnGames.DeveloperPromotionsConsole(TestAppsnGames.java:289)
	at sun.reflect.NativeMethodAccessorImpl.invoke0(Native Method)
	at sun.reflect.NativeMethodAccessorImpl.invoke(Unknown Source)
	at sun.reflect.DelegatingMethodAccessorImpl.invoke(Unknown Source)
	at java.lang.reflect.Method.invoke(Unknown Source)
	at org.testng.internal.MethodInvocationHelper.invokeMethod(MethodInvocationHelper.java:108)
	at org.testng.internal.Invoker.invokeMethod(Invoker.java:661)
	at org.testng.internal.Invoker.invokeTestMethod(Invoker.java:869)
	at org.testng.internal.Invoker.invokeTestMethods(Invoker.java:1193)
	at org.testng.internal.TestMethodWorker.invokeTestMethods(TestMethodWorker.java:126)
	at org.testng.internal.TestMethodWorker.run(TestMethodWorker.java:109)
	at org.testng.TestRunner.privateRun(TestRunner.java:744)
	at org.testng.TestRunner.run(TestRunner.java:602)
	at org.testng.SuiteRunner.runTest(SuiteRunner.java:380)
	at org.testng.SuiteRunner.access$000(SuiteRunner.java:39)
	at org.testng.SuiteRunner$SuiteWorker.run(SuiteRunner.java:414)
	at org.testng.internal.thread.ThreadUtil$1.call(ThreadUtil.java:52)
	at java.util.concurrent.FutureTask.run(Unknown Source)
	at java.util.concurrent.ThreadPoolExecutor.runWorker(Unknown Source)
	at java.util.concurrent.ThreadPoolExecutor$Worker.run(Unknown Source)
	at java.lang.Thread.run(Unknown Source)
</pre></div></td>
<td>0</td>
<td>Test.TestAppsnGames@cb5822</td></tr>
<tr>
<td title='Test.TestAppsnGames.InAppPurchasing()'><b>InAppPurchasing</b><br>Test class: Test.TestAppsnGames</td>
<td><div><pre>java.lang.AssertionError: expected [https://developer.integ.amazon.com/docs/in-app-purchasing/iap-overview.html] but found [https://developer.integ.amazon.com/docs/in-app-purchasing/iap-overview.html ]
	at Test.TestAppsnGames.InAppPurchasing(TestAppsnGames.java:257)
	at java.util.concurrent.FutureTask.run(Unknown Source)
	at java.util.concurrent.ThreadPoolExecutor.runWorker(Unknown Source)
	at java.util.concurrent.ThreadPoolExecutor$Worker.run(Unknown Source)
	at java.lang.Thread.run(Unknown Source)
... Removed 22 stack frames</pre></div><a href='#' onClick='toggleBox("stack-trace1506503767", this, "Click to show all stack frames", "Click to hide stack frames")'>Click to show all stack frames</a>
<div class='stack-trace' id='stack-trace1506503767'><pre>java.lang.AssertionError: expected [https://developer.integ.amazon.com/docs/in-app-purchasing/iap-overview.html] but found [https://developer.integ.amazon.com/docs/in-app-purchasing/iap-overview.html ]
	at org.testng.Assert.fail(Assert.java:93)
	at org.testng.Assert.failNotEquals(Assert.java:512)
	at org.testng.Assert.assertEqualsImpl(Assert.java:134)
	at org.testng.Assert.assertEquals(Assert.java:115)
	at org.testng.Assert.assertEquals(Assert.java:189)
	at org.testng.Assert.assertEquals(Assert.java:199)
	at Test.TestAppsnGames.InAppPurchasing(TestAppsnGames.java:257)
	at sun.reflect.NativeMethodAccessorImpl.invoke0(Native Method)
	at sun.reflect.NativeMethodAccessorImpl.invoke(Unknown Source)
	at sun.reflect.DelegatingMethodAccessorImpl.invoke(Unknown Source)
	at java.lang.reflect.Method.invoke(Unknown Source)
	at org.testng.internal.MethodInvocationHelper.invokeMethod(MethodInvocationHelper.java:108)
	at org.testng.internal.Invoker.invokeMethod(Invoker.java:661)
	at org.testng.internal.Invoker.invokeTestMethod(Invoker.java:869)
	at org.testng.internal.Invoker.invokeTestMethods(Invoker.java:1193)
	at org.testng.internal.TestMethodWorker.invokeTestMethods(TestMethodWorker.java:126)
	at org.testng.internal.TestMethodWorker.run(TestMethodWorker.java:109)
	at org.testng.TestRunner.privateRun(TestRunner.java:744)
	at org.testng.TestRunner.run(TestRunner.java:602)
	at org.testng.SuiteRunner.runTest(SuiteRunner.java:380)
	at org.testng.SuiteRunner.access$000(SuiteRunner.java:39)
	at org.testng.SuiteRunner$SuiteWorker.run(SuiteRunner.java:414)
	at org.testng.internal.thread.ThreadUtil$1.call(ThreadUtil.java:52)
	at java.util.concurrent.FutureTask.run(Unknown Source)
	at java.util.concurrent.ThreadPoolExecutor.runWorker(Unknown Source)
	at java.util.concurrent.ThreadPoolExecutor$Worker.run(Unknown Source)
	at java.lang.Thread.run(Unknown Source)
</pre></div></td>
<td>0</td>
<td>Test.TestAppsnGames@cb5822</td></tr>
<tr>
<td title='Test.TestAppsnGames.Resources()'><b>Resources</b><br>Test class: Test.TestAppsnGames</td>
<td><div><pre>java.lang.AssertionError: expected [Resources] but found [resource]
	at Test.TestAppsnGames.Resources(TestAppsnGames.java:185)
	at java.util.concurrent.FutureTask.run(Unknown Source)
	at java.util.concurrent.ThreadPoolExecutor.runWorker(Unknown Source)
	at java.util.concurrent.ThreadPoolExecutor$Worker.run(Unknown Source)
	at java.lang.Thread.run(Unknown Source)
... Removed 22 stack frames</pre></div><a href='#' onClick='toggleBox("stack-trace1297464393", this, "Click to show all stack frames", "Click to hide stack frames")'>Click to show all stack frames</a>
<div class='stack-trace' id='stack-trace1297464393'><pre>java.lang.AssertionError: expected [Resources] but found [resource]
	at org.testng.Assert.fail(Assert.java:93)
	at org.testng.Assert.failNotEquals(Assert.java:512)
	at org.testng.Assert.assertEqualsImpl(Assert.java:134)
	at org.testng.Assert.assertEquals(Assert.java:115)
	at org.testng.Assert.assertEquals(Assert.java:189)
	at org.testng.Assert.assertEquals(Assert.java:199)
	at Test.TestAppsnGames.Resources(TestAppsnGames.java:185)
	at sun.reflect.NativeMethodAccessorImpl.invoke0(Native Method)
	at sun.reflect.NativeMethodAccessorImpl.invoke(Unknown Source)
	at sun.reflect.DelegatingMethodAccessorImpl.invoke(Unknown Source)
	at java.lang.reflect.Method.invoke(Unknown Source)
	at org.testng.internal.MethodInvocationHelper.invokeMethod(MethodInvocationHelper.java:108)
	at org.testng.internal.Invoker.invokeMethod(Invoker.java:661)
	at org.testng.internal.Invoker.invokeTestMethod(Invoker.java:869)
	at org.testng.internal.Invoker.invokeTestMethods(Invoker.java:1193)
	at org.testng.internal.TestMethodWorker.invokeTestMethods(TestMethodWorker.java:126)
	at org.testng.internal.TestMethodWorker.run(TestMethodWorker.java:109)
	at org.testng.TestRunner.privateRun(TestRunner.java:744)
	at org.testng.TestRunner.run(TestRunner.java:602)
	at org.testng.SuiteRunner.runTest(SuiteRunner.java:380)
	at org.testng.SuiteRunner.access$000(SuiteRunner.java:39)
	at org.testng.SuiteRunner$SuiteWorker.run(SuiteRunner.java:414)
	at org.testng.internal.thread.ThreadUtil$1.call(ThreadUtil.java:52)
	at java.util.concurrent.FutureTask.run(Unknown Source)
	at java.util.concurrent.ThreadPoolExecutor.runWorker(Unknown Source)
	at java.util.concurrent.ThreadPoolExecutor$Worker.run(Unknown Source)
	at java.lang.Thread.run(Unknown Source)
</pre></div></td>
<td>0</td>
<td>Test.TestAppsnGames@cb5822</td></tr>
</table><p>
<table width='100%' border='1' class='invocation-passed'>
<tr><td colspan='4' align='center'><b>PASSED TESTS</b></td></tr>
<tr><td><b>Test method</b></td>
<td width="30%"><b>Exception</b></td>
<td width="10%"><b>Time (seconds)</b></td>
<td><b>Instance</b></td>
</tr>
<tr>
<td title='Test.TestAppsnGames.AmazonDeveloperBlog()'><b>AmazonDeveloperBlog</b><br>Test class: Test.TestAppsnGames</td>
<td></td>
<td>0</td>
<td>Test.TestAppsnGames@cb5822</td></tr>
<tr>
<td title='Test.TestAppsnGames.AmazonDeveloperForums()'><b>AmazonDeveloperForums</b><br>Test class: Test.TestAppsnGames</td>
<td></td>
<td>0</td>
<td>Test.TestAppsnGames@cb5822</td></tr>
<tr>
<td title='Test.TestAppsnGames.AmazonDeveloperSupport()'><b>AmazonDeveloperSupport</b><br>Test class: Test.TestAppsnGames</td>
<td></td>
<td>0</td>
<td>Test.TestAppsnGames@cb5822</td></tr>
<tr>
<td title='Test.TestAppsnGames.AmazonGameOn()'><b>AmazonGameOn</b><br>Test class: Test.TestAppsnGames</td>
<td></td>
<td>0</td>
<td>Test.TestAppsnGames@cb5822</td></tr>
<tr>
<td title='Test.TestAppsnGames.AmazonIncentivesAPI()'><b>AmazonIncentivesAPI</b><br>Test class: Test.TestAppsnGames</td>
<td></td>
<td>0</td>
<td>Test.TestAppsnGames@cb5822</td></tr>
<tr>
<td title='Test.TestAppsnGames.AmazonMoments()'><b>AmazonMoments</b><br>Test class: Test.TestAppsnGames</td>
<td></td>
<td>0</td>
<td>Test.TestAppsnGames@cb5822</td></tr>
<tr>
<td title='Test.TestAppsnGames.AmazonWebAppTester()'><b>AmazonWebAppTester</b><br>Test class: Test.TestAppsnGames</td>
<td></td>
<td>0</td>
<td>Test.TestAppsnGames@cb5822</td></tr>
<tr>
<td title='Test.TestAppsnGames.AppSubmissionAPI()'><b>AppSubmissionAPI</b><br>Test class: Test.TestAppsnGames</td>
<td></td>
<td>0</td>
<td>Test.TestAppsnGames@cb5822</td></tr>
<tr>
<td title='Test.TestAppsnGames.AppTestingService()'><b>AppTestingService</b><br>Test class: Test.TestAppsnGames</td>
<td></td>
<td>0</td>
<td>Test.TestAppsnGames@cb5822</td></tr>
<tr>
<td title='Test.TestAppsnGames.AppTestingTools()'><b>AppTestingTools</b><br>Test class: Test.TestAppsnGames</td>
<td></td>
<td>0</td>
<td>Test.TestAppsnGames@cb5822</td></tr>
<tr>
<td title='Test.TestAppsnGames.ContactUs()'><b>ContactUs</b><br>Test class: Test.TestAppsnGames</td>
<td></td>
<td>0</td>
<td>Test.TestAppsnGames@cb5822</td></tr>
<tr>
<td title='Test.TestAppsnGames.DeviceMessaging()'><b>DeviceMessaging</b><br>Test class: Test.TestAppsnGames</td>
<td></td>
<td>0</td>
<td>Test.TestAppsnGames@cb5822</td></tr>
<tr>
<td title='Test.TestAppsnGames.FAQs()'><b>FAQs</b><br>Test class: Test.TestAppsnGames</td>
<td></td>
<td>0</td>
<td>Test.TestAppsnGames@cb5822</td></tr>
<tr>
<td title='Test.TestAppsnGames.GameMakerTutorials()'><b>GameMakerTutorials</b><br>Test class: Test.TestAppsnGames</td>
<td></td>
<td>0</td>
<td>Test.TestAppsnGames@cb5822</td></tr>
<tr>
<td title='Test.TestAppsnGames.Legal()'><b>Legal</b><br>Test class: Test.TestAppsnGames</td>
<td></td>
<td>0</td>
<td>Test.TestAppsnGames@cb5822</td></tr>
<tr>
<td title='Test.TestAppsnGames.LiveAppTesting()'><b>LiveAppTesting</b><br>Test class: Test.TestAppsnGames</td>
<td></td>
<td>0</td>
<td>Test.TestAppsnGames@cb5822</td></tr>
<tr>
<td title='Test.TestAppsnGames.LoginwithAmazon()'><b>LoginwithAmazon</b><br>Test class: Test.TestAppsnGames</td>
<td></td>
<td>0</td>
<td>Test.TestAppsnGames@cb5822</td></tr>
<tr>
<td title='Test.TestAppsnGames.MerchbyAmazon()'><b>MerchbyAmazon</b><br>Test class: Test.TestAppsnGames</td>
<td></td>
<td>0</td>
<td>Test.TestAppsnGames@cb5822</td></tr>
<tr>
<td title='Test.TestAppsnGames.MobileAds()'><b>MobileAds</b><br>Test class: Test.TestAppsnGames</td>
<td></td>
<td>0</td>
<td>Test.TestAppsnGames@cb5822</td></tr>
<tr>
<td title='Test.TestAppsnGames.ServicesAPIs()'><b>ServicesAPIs</b><br>Test class: Test.TestAppsnGames</td>
<td></td>
<td>0</td>
<td>Test.TestAppsnGames@cb5822</td></tr>
<tr>
<td title='Test.TestAppsnGames.StagedRollouts()'><b>StagedRollouts</b><br>Test class: Test.TestAppsnGames</td>
<td></td>
<td>0</td>
<td>Test.TestAppsnGames@cb5822</td></tr>
<tr>
<td title='Test.TestAppsnGames.Support()'><b>Support</b><br>Test class: Test.TestAppsnGames</td>
<td></td>
<td>0</td>
<td>Test.TestAppsnGames@cb5822</td></tr>
<tr>
<td title='Test.TestAppsnGames.TechnicalDocumentation()'><b>TechnicalDocumentation</b><br>Test class: Test.TestAppsnGames</td>
<td></td>
<td>0</td>
<td>Test.TestAppsnGames@cb5822</td></tr>
<tr>
<td title='Test.TestAppsnGames.TermsAgreements()'><b>TermsAgreements</b><br>Test class: Test.TestAppsnGames</td>
<td></td>
<td>0</td>
<td>Test.TestAppsnGames@cb5822</td></tr>
<tr>
<td title='Test.TestAppsnGames.TestingTools()'><b>TestingTools</b><br>Test class: Test.TestAppsnGames</td>
<td></td>
<td>0</td>
<td>Test.TestAppsnGames@cb5822</td></tr>
<tr>
<td title='Test.TestAppsnGames.pageHeading()'><b>pageHeading</b><br>Test class: Test.TestAppsnGames</td>
<td></td>
<td>0</td>
<td>Test.TestAppsnGames@cb5822</td></tr>
</table><p>
</body>
</html>